<?xml version="1.0" encoding="UTF-8"?>
<!-- Generated by org.testng.reporters.JUnitXMLReporter -->
<testsuite hostname="ABDUS" ignored="0" name="Chrome Test" tests="4" failures="0" timestamp="26 Apr 2019 01:45:56 GMT" time="18.523" errors="0">
  <testcase name="verifySigninBtnVisibility" time="0.042" classname="demo.CrossBrowserTesting"/>
  <testcase name="verifyText" time="0.063" classname="demo.CrossBrowserTesting"/>
  <testcase name="verifySearchBtnStsBeforeEnteringText" time="0.038" classname="demo.CrossBrowserTesting"/>
  <testcase name="verifySearchBtnStsAfterEnteringText" time="0.317" classname="demo.CrossBrowserTesting"/>
</testsuite> <!-- Chrome Test -->
