<?xml version="1.0" encoding="UTF-8"?>
<!-- Generated by org.testng.reporters.JUnitXMLReporter -->
<testsuite hostname="ABDUS" ignored="0" name="FireFox Test" tests="4" failures="0" timestamp="26 Apr 2019 01:46:10 GMT" time="33.187" errors="0">
  <testcase name="verifySigninBtnVisibility" time="1.708" classname="demo.CrossBrowserTesting"/>
  <testcase name="verifyText" time="0.032" classname="demo.CrossBrowserTesting"/>
  <testcase name="verifySearchBtnStsBeforeEnteringText" time="0.052" classname="demo.CrossBrowserTesting"/>
  <testcase name="verifySearchBtnStsAfterEnteringText" time="0.482" classname="demo.CrossBrowserTesting"/>
</testsuite> <!-- FireFox Test -->
