<?xml version="1.0" encoding="UTF-8"?>
<!-- Generated by org.testng.reporters.JUnitXMLReporter -->
<testsuite hostname="ABDUS" ignored="0" name="IETest" tests="3" failures="0" timestamp="26 Apr 2019 01:19:50 GMT" time="0.011" errors="0">
  <testcase name="@BeforeTest openBrowser" time="0.0" classname="demo.CrossBrowserTesting">
    <failure type="org.testng.TestNGException" message="
Can inject only one of &amp;lt;ITestContext, XmlTest&amp;gt; into a @BeforeTest annotated openBrowser.
For more information on native dependency injection please refer to http://testng.org/doc/documentation-main.html#native-dependency-injection">
      <![CDATA[org.testng.TestNGException: 
Can inject only one of <ITestContext, XmlTest> into a @BeforeTest annotated openBrowser.
For more information on native dependency injection please refer to http://testng.org/doc/documentation-main.html#native-dependency-injection
... Removed 21 stack frames]]>
    </failure>
  </testcase> <!-- @BeforeTest openBrowser -->
  <testcase name="@AfterTest closeBrowser" time="0.0" classname="demo.CrossBrowserTesting">
    <skipped/>
  </testcase> <!-- @AfterTest closeBrowser -->
  <testcase name="verifyText" time="0.0" classname="demo.CrossBrowserTesting">
    <skipped/>
  </testcase> <!-- verifyText -->
  <testcase name="verifySearchBtnStsBeforeEnteringText" time="0.0" classname="demo.CrossBrowserTesting">
    <skipped/>
  </testcase> <!-- verifySearchBtnStsBeforeEnteringText -->
  <testcase name="verifySearchBtnStsAfterEnteringText" time="0.0" classname="demo.CrossBrowserTesting">
    <skipped/>
  </testcase> <!-- verifySearchBtnStsAfterEnteringText -->
</testsuite> <!-- IETest -->
